<?xml version="1.0" encoding="utf-8"?><testsuites name="pytest tests"><testsuite name="pytest" errors="0" failures="0" skipped="0" tests="31" time="18.331" timestamp="2026-04-26T00:55:58.198147+00:00" hostname="agent-env-f61e9c0d-cdda-4880-b0d7-78be2a16e396"><testcase classname="backend.tests.backend_test.TestAuth" name="test_me_no_token" time="0.237" /><testcase classname="backend.tests.backend_test.TestAuth" name="test_me_with_token" time="0.158" /><testcase classname="backend.tests.backend_test.TestAuth" name="test_me_invalid_token" time="0.140" /><testcase classname="backend.tests.backend_test.TestAuth" name="test_business_no_auth_returns_401" time="0.129" /><testcase classname="backend.tests.backend_test.TestBusiness" name="test_load_sample" time="0.145" /><testcase classname="backend.tests.backend_test.TestBusiness" name="test_save_business_and_kpis" time="0.133" /><testcase classname="backend.tests.backend_test.TestBusiness" name="test_get_business" time="0.166" /><testcase classname="backend.tests.backend_test.TestBusiness" name="test_calculate_only" time="0.136" /><testcase classname="backend.tests.backend_test.TestStatusLogic" name="test_status_loss" time="0.140" /><testcase classname="backend.tests.backend_test.TestStatusLogic" name="test_status_risk" time="0.129" /><testcase classname="backend.tests.backend_test.TestStatusLogic" name="test_status_healthy" time="0.150" /><testcase classname="backend.tests.backend_test.TestSimulator" name="test_simulate_price_up" time="0.322" /><testcase classname="backend.tests.backend_test.TestAI" name="test_ai_analyze" time="12.184" /><testcase classname="backend.tests.backend_test.TestLogout" name="test_logout" time="0.323" /><testcase classname="backend.tests.backend_test.TestInventory" name="test_inventory_no_auth" time="0.184" /><testcase classname="backend.tests.backend_test.TestInventory" name="test_inventory_summary_after_sample" time="0.279" /><testcase classname="backend.tests.backend_test.TestInventory" name="test_inventory_create_update_delete" time="0.852" /><testcase classname="backend.tests.backend_test.TestInventory" name="test_inventory_update_not_found" time="0.149" /><testcase classname="backend.tests.backend_test.TestInventory" name="test_inventory_delete_not_found" time="0.146" /><testcase classname="backend.tests.backend_test.TestSnapshots" name="test_snapshots_no_auth" time="0.142" /><testcase classname="backend.tests.backend_test.TestSnapshots" name="test_snapshots_after_sample" time="0.306" /><testcase classname="backend.tests.backend_test.TestSnapshots" name="test_snapshot_created_on_business_save" time="0.321" /><testcase classname="backend.tests.backend_test.TestBenchmarks" name="test_benchmark_known_types[tienda]" time="0.127" /><testcase classname="backend.tests.backend_test.TestBenchmarks" name="test_benchmark_known_types[restaurante]" time="0.123" /><testcase classname="backend.tests.backend_test.TestBenchmarks" name="test_benchmark_known_types[servicios]" time="0.123" /><testcase classname="backend.tests.backend_test.TestBenchmarks" name="test_benchmark_known_types[manufactura]" time="0.126" /><testcase classname="backend.tests.backend_test.TestBenchmarks" name="test_benchmark_known_types[ecommerce]" time="0.119" /><testcase classname="backend.tests.backend_test.TestBenchmarks" name="test_benchmark_known_types[salud]" time="0.135" /><testcase classname="backend.tests.backend_test.TestBenchmarks" name="test_benchmark_known_types[educacion]" time="0.134" /><testcase classname="backend.tests.backend_test.TestBenchmarks" name="test_benchmark_known_types[otro]" time="0.131" /><testcase classname="backend.tests.backend_test.TestBenchmarks" name="test_benchmark_unknown_falls_back" time="0.130" /></testsuite></testsuites>