<?xml version="1.0" encoding="utf-8"?><testsuites name="pytest tests"><testsuite name="pytest" errors="0" failures="0" skipped="0" tests="14" time="15.565" timestamp="2026-04-26T00:24:45.372702+00:00" hostname="agent-env-f61e9c0d-cdda-4880-b0d7-78be2a16e396"><testcase classname="backend.tests.backend_test.TestAuth" name="test_me_no_token" time="0.231" /><testcase classname="backend.tests.backend_test.TestAuth" name="test_me_with_token" time="0.179" /><testcase classname="backend.tests.backend_test.TestAuth" name="test_me_invalid_token" time="0.130" /><testcase classname="backend.tests.backend_test.TestAuth" name="test_business_no_auth_returns_401" time="0.135" /><testcase classname="backend.tests.backend_test.TestBusiness" name="test_load_sample" time="0.137" /><testcase classname="backend.tests.backend_test.TestBusiness" name="test_save_business_and_kpis" time="0.145" /><testcase classname="backend.tests.backend_test.TestBusiness" name="test_get_business" time="0.147" /><testcase classname="backend.tests.backend_test.TestBusiness" name="test_calculate_only" time="0.138" /><testcase classname="backend.tests.backend_test.TestStatusLogic" name="test_status_loss" time="0.151" /><testcase classname="backend.tests.backend_test.TestStatusLogic" name="test_status_risk" time="0.162" /><testcase classname="backend.tests.backend_test.TestStatusLogic" name="test_status_healthy" time="0.173" /><testcase classname="backend.tests.backend_test.TestSimulator" name="test_simulate_price_up" time="0.354" /><testcase classname="backend.tests.backend_test.TestAI" name="test_ai_analyze" time="12.876" /><testcase classname="backend.tests.backend_test.TestLogout" name="test_logout" time="0.310" /></testsuite></testsuites>